Arguments: 
  /Users/ryanMatthews/.nvm/versions/node/v10.11.0/bin/node /usr/local/Cellar/yarn/1.3.2/libexec/bin/yarn.js

PATH: 
  /Users/ryanMatthews/.nvm/versions/node/v10.11.0/bin:/Users/ryanMatthews/Downloads/google-cloud-sdk/bin:/usr/local/bin:/usr/bin:/bin:/usr/sbin:/sbin:/opt/X11/bin

Yarn version: 
  1.3.2

Node version: 
  10.11.0

Platform: 
  darwin x64

npm manifest: 
  {
  	"name": "testing-challenge",
  	"version": "1.0.0",
  	"description": "Testing Sprint Challenge",
  	"main": "index.js",
  	"scripts": {
  		"test": "jest --watch --verbose",
  		"start": "nodemon index.js"
  	},
  	"repository": {
  		"type": "git",
  		"url": "git+https://github.com/LambdaSchool/Sprint-Challenge--Testing.git"
  	},
  	"keywords": [],
  	"author": "Lambda School",
  	"license": "ISC",
  	"bugs": {
  		"url": "https://github.com/LambdaSchool/Sprint-Challenge--Testing/issues"
  	},
  	"homepage": "https://github.com/LambdaSchool/Sprint-Challenge--Testing#readme",
  	"dependencies": {
  		"express": "^4.16.4"
  	},
  	"devDependencies": {
  		"jest": "^23.6.0",
  		"supertest": "^3.3.0"
  	}
  }

yarn manifest: 
  No manifest

Lockfile: 
  No lockfile

Trace: 
  Error: https://registry.yarnpkg.com/array-flatten: ETIMEDOUT
      at Timeout._onTimeout (/usr/local/Cellar/yarn/1.3.2/libexec/lib/cli.js:123749:19)
      at ontimeout (timers.js:425:11)
      at tryOnTimeout (timers.js:289:5)
      at listOnTimeout (timers.js:252:5)
      at Timer.processTimers (timers.js:212:10)
